# JRE version: Java(TM) SE Runtime Environment (15.0.2+7) (build 15.0.2+7-27)
# Java VM: Java HotSpot(TM) 64-Bit Server VM (15.0.2+7-27, mixed mode, sharing, tiered, compressed oops, g1 gc, windows-amd64)
GC Precious Log:
 CPUs: 8 total, 8 available
 Memory: 32574M
 Large Page Support: Disabled
 NUMA Support: Disabled
 Compressed Oops: Enabled (Zero based)
 Heap Region Size: 4M
 Heap Min Capacity: 8M
 Heap Initial Capacity: 512M
 Heap Max Capacity: 8144M
 Pre-touch: Disabled
 Parallel Workers: 8
 Concurrent Workers: 2
 Concurrent Refinement Workers: 8
 Periodic GC: Disabled
Heap:
 garbage-first heap   total 630784K, used 106325K [0x0000000603000000, 0x0000000800000000)
  region size 4096K, 10 young (40960K), 9 survivors (36864K)
 Metaspace       used 20635K, capacity 20960K, committed 21120K, reserved 1067008K
  class space    used 2474K, capacity 2577K, committed 2688K, reserved 1048576K
GC Heap History (16 events):
Event: 2.073 GC heap before
{Heap before GC invocations=0 (full 0):
 garbage-first heap   total 524288K, used 28672K [0x0000000603000000, 0x0000000800000000)
  region size 4096K, 6 young (24576K), 0 survivors (0K)
 Metaspace       used 7638K, capacity 7830K, committed 8192K, reserved 1056768K
  class space    used 835K, capacity 898K, committed 1024K, reserved 1048576K
}
Event: 2.079 GC heap after
{Heap after GC invocations=1 (full 0):
 garbage-first heap   total 524288K, used 8075K [0x0000000603000000, 0x0000000800000000)
  region size 4096K, 1 young (4096K), 1 survivors (4096K)
 Metaspace       used 7638K, capacity 7830K, committed 8192K, reserved 1056768K
  class space    used 835K, capacity 898K, committed 1024K, reserved 1048576K
}
Event: 8.099 GC heap before
{Heap before GC invocations=1 (full 0):
 garbage-first heap   total 524288K, used 40843K [0x0000000603000000, 0x0000000800000000)
  region size 4096K, 7 young (28672K), 1 survivors (4096K)
 Metaspace       used 16906K, capacity 17082K, committed 17152K, reserved 1064960K
  class space    used 1935K, capacity 2013K, committed 2048K, reserved 1048576K
}
Event: 8.103 GC heap after
{Heap after GC invocations=2 (full 0):
 garbage-first heap   total 524288K, used 19173K [0x0000000603000000, 0x0000000800000000)
  region size 4096K, 1 young (4096K), 1 survivors (4096K)
 Metaspace       used 16906K, capacity 17082K, committed 17152K, reserved 1064960K
  class space    used 1935K, capacity 2013K, committed 2048K, reserved 1048576K
}
Event: 8.453 GC heap before
{Heap before GC invocations=2 (full 0):
 garbage-first heap   total 524288K, used 68325K [0x0000000603000000, 0x0000000800000000)
  region size 4096K, 13 young (53248K), 1 survivors (4096K)
 Metaspace       used 16989K, capacity 17210K, committed 17408K, reserved 1064960K
  class space    used 1936K, capacity 2013K, committed 2048K, reserved 1048576K
}
Event: 8.466 GC heap after
{Heap after GC invocations=3 (full 0):
 garbage-first heap   total 524288K, used 24860K [0x0000000603000000, 0x0000000800000000)
  region size 4096K, 2 young (8192K), 2 survivors (8192K)
 Metaspace       used 16989K, capacity 17210K, committed 17408K, reserved 1064960K
  class space    used 1936K, capacity 2013K, committed 2048K, reserved 1048576K
}
Event: 13.887 GC heap before
{Heap before GC invocations=3 (full 0):
 garbage-first heap   total 524288K, used 278812K [0x0000000603000000, 0x0000000800000000)
  region size 4096K, 63 young (258048K), 2 survivors (8192K)
 Metaspace       used 18230K, capacity 18545K, committed 18688K, reserved 1064960K
  class space    used 2109K, capacity 2220K, committed 2304K, reserved 1048576K
}
Event: 13.996 GC heap after
{Heap after GC invocations=4 (full 0):
 garbage-first heap   total 524288K, used 65041K [0x0000000603000000, 0x0000000800000000)
  region size 4096K, 8 young (32768K), 8 survivors (32768K)
 Metaspace       used 18230K, capacity 18545K, committed 18688K, reserved 1064960K
  class space    used 2109K, capacity 2220K, committed 2304K, reserved 1048576K
}
Event: 15.000 GC heap before
{Heap before GC invocations=4 (full 0):
 garbage-first heap   total 524288K, used 159249K [0x0000000603000000, 0x0000000800000000)
  region size 4096K, 31 young (126976K), 8 survivors (32768K)
 Metaspace       used 18232K, capacity 18545K, committed 18688K, reserved 1064960K
  class space    used 2109K, capacity 2220K, committed 2304K, reserved 1048576K
}
Event: 15.032 GC heap after
{Heap after GC invocations=5 (full 0):
 garbage-first heap   total 524288K, used 56663K [0x0000000603000000, 0x0000000800000000)
  region size 4096K, 4 young (16384K), 4 survivors (16384K)
 Metaspace       used 18232K, capacity 18545K, committed 18688K, reserved 1064960K
  class space    used 2109K, capacity 2220K, committed 2304K, reserved 1048576K
}
Event: 16.317 GC heap before
{Heap before GC invocations=5 (full 0):
 garbage-first heap   total 524288K, used 195927K [0x0000000603000000, 0x0000000800000000)
  region size 4096K, 38 young (155648K), 4 survivors (16384K)
 Metaspace       used 18232K, capacity 18545K, committed 18688K, reserved 1064960K
  class space    used 2109K, capacity 2220K, committed 2304K, reserved 1048576K
}
Event: 16.365 GC heap after
{Heap after GC invocations=6 (full 0):
 garbage-first heap   total 524288K, used 67149K [0x0000000603000000, 0x0000000800000000)
  region size 4096K, 5 young (20480K), 5 survivors (20480K)
 Metaspace       used 18232K, capacity 18545K, committed 18688K, reserved 1064960K
  class space    used 2109K, capacity 2220K, committed 2304K, reserved 1048576K
}
Event: 21.797 GC heap before
{Heap before GC invocations=6 (full 0):
 garbage-first heap   total 524288K, used 271949K [0x0000000603000000, 0x0000000800000000)
  region size 4096K, 55 young (225280K), 5 survivors (20480K)
 Metaspace       used 20622K, capacity 20896K, committed 21120K, reserved 1067008K
  class space    used 2472K, capacity 2577K, committed 2688K, reserved 1048576K
}
Event: 21.865 GC heap after
{Heap after GC invocations=7 (full 0):
 garbage-first heap   total 524288K, used 84845K [0x0000000603000000, 0x0000000800000000)
  region size 4096K, 7 young (28672K), 7 survivors (28672K)
 Metaspace       used 20622K, capacity 20896K, committed 21120K, reserved 1067008K
  class space    used 2472K, capacity 2577K, committed 2688K, reserved 1048576K
}
Event: 28.576 GC heap before
{Heap before GC invocations=7 (full 0):
 garbage-first heap   total 524288K, used 342893K [0x0000000603000000, 0x0000000800000000)
  region size 4096K, 70 young (286720K), 7 survivors (28672K)
 Metaspace       used 20635K, capacity 20960K, committed 21120K, reserved 1067008K
  class space    used 2474K, capacity 2577K, committed 2688K, reserved 1048576K
}
Event: 28.690 GC heap after
{Heap after GC invocations=8 (full 0):
 garbage-first heap   total 630784K, used 106325K [0x0000000603000000, 0x0000000800000000)
  region size 4096K, 9 young (36864K), 9 survivors (36864K)
 Metaspace       used 20635K, capacity 20960K, committed 21120K, reserved 1067008K
  class space    used 2474K, capacity 2577K, committed 2688K, reserved 1048576K
}

